DEBUG    urllib3.connectionpool:connectionpool.py:243 Starting new HTTP connection (1): localhost:8000
DEBUG    urllib3.connectionpool:connectionpool.py:546 http://localhost:8000 "POST /add/alert HTTP/11" 400 83
DEBUG    urllib3.connectionpool:connectionpool.py:243 Starting new HTTP connection (1): localhost:8000
DEBUG    urllib3.connectionpool:connectionpool.py:546 http://localhost:8000 "POST /add/alert HTTP/11" 404 55
DEBUG    urllib3.connectionpool:connectionpool.py:243 Starting new HTTP connection (1): localhost:8000
DEBUG    urllib3.connectionpool:connectionpool.py:546 http://localhost:8000 "POST /user/register HTTP/11" 200 53
DEBUG    urllib3.connectionpool:connectionpool.py:243 Starting new HTTP connection (1): localhost:8000
DEBUG    urllib3.connectionpool:connectionpool.py:546 http://localhost:8000 "POST /add/alert HTTP/11" 400 49
DEBUG    urllib3.connectionpool:connectionpool.py:243 Starting new HTTP connection (1): localhost:8000
DEBUG    urllib3.connectionpool:connectionpool.py:546 http://localhost:8000 "POST /user/register HTTP/11" 200 53
DEBUG    urllib3.connectionpool:connectionpool.py:243 Starting new HTTP connection (1): localhost:8000
DEBUG    urllib3.connectionpool:connectionpool.py:546 http://localhost:8000 "POST /add/alert HTTP/11" 400 48
DEBUG    urllib3.connectionpool:connectionpool.py:243 Starting new HTTP connection (1): localhost:8000
DEBUG    urllib3.connectionpool:connectionpool.py:546 http://localhost:8000 "POST /user/register HTTP/11" 200 53
DEBUG    urllib3.connectionpool:connectionpool.py:243 Starting new HTTP connection (1): localhost:8000
DEBUG    urllib3.connectionpool:connectionpool.py:546 http://localhost:8000 "POST /add/alert HTTP/11" 400 49
DEBUG    urllib3.connectionpool:connectionpool.py:243 Starting new HTTP connection (1): localhost:8000
DEBUG    urllib3.connectionpool:connectionpool.py:546 http://localhost:8000 "POST /user/register HTTP/11" 200 53
DEBUG    urllib3.connectionpool:connectionpool.py:243 Starting new HTTP connection (1): localhost:8000
DEBUG    urllib3.connectionpool:connectionpool.py:546 http://localhost:8000 "POST /add/alert HTTP/11" 200 39
DEBUG    urllib3.connectionpool:connectionpool.py:243 Starting new HTTP connection (1): localhost:8000
DEBUG    urllib3.connectionpool:connectionpool.py:546 http://localhost:8000 "GET /add/alert HTTP/11" 405 31
DEBUG    urllib3.connectionpool:connectionpool.py:243 Starting new HTTP connection (1): localhost:8000
DEBUG    urllib3.connectionpool:connectionpool.py:546 http://localhost:8000 "PUT /add/alert HTTP/11" 405 31
DEBUG    urllib3.connectionpool:connectionpool.py:243 Starting new HTTP connection (1): localhost:8000
DEBUG    urllib3.connectionpool:connectionpool.py:546 http://localhost:8000 "DELETE /add/alert HTTP/11" 405 31
DEBUG    urllib3.connectionpool:connectionpool.py:243 Starting new HTTP connection (1): localhost:8000
DEBUG    urllib3.connectionpool:connectionpool.py:546 http://localhost:8000 "PATCH /add/alert HTTP/11" 405 31
DEBUG    urllib3.connectionpool:connectionpool.py:243 Starting new HTTP connection (1): localhost:8000
DEBUG    urllib3.connectionpool:connectionpool.py:546 http://localhost:8000 "DELETE /delete/alert HTTP/11" 400 47
DEBUG    urllib3.connectionpool:connectionpool.py:243 Starting new HTTP connection (1): localhost:8000
DEBUG    urllib3.connectionpool:connectionpool.py:546 http://localhost:8000 "DELETE /delete/alert?email=nonexistent%40example.com HTTP/11" 404 28
DEBUG    urllib3.connectionpool:connectionpool.py:243 Starting new HTTP connection (1): localhost:8000
DEBUG    urllib3.connectionpool:connectionpool.py:546 http://localhost:8000 "DELETE /delete/alert?email=invalidemailformat HTTP/11" 400 83
DEBUG    urllib3.connectionpool:connectionpool.py:243 Starting new HTTP connection (1): localhost:8000
DEBUG    urllib3.connectionpool:connectionpool.py:546 http://localhost:8000 "POST /user/register HTTP/11" 200 53
DEBUG    urllib3.connectionpool:connectionpool.py:243 Starting new HTTP connection (1): localhost:8000
DEBUG    urllib3.connectionpool:connectionpool.py:546 http://localhost:8000 "POST /add/alert HTTP/11" 200 39
DEBUG    urllib3.connectionpool:connectionpool.py:243 Starting new HTTP connection (1): localhost:8000
DEBUG    urllib3.connectionpool:connectionpool.py:546 http://localhost:8000 "DELETE /delete/alert?email=v2tdw3yggh%40gmail.com HTTP/11" 200 41
DEBUG    urllib3.connectionpool:connectionpool.py:243 Starting new HTTP connection (1): localhost:8000
DEBUG    urllib3.connectionpool:connectionpool.py:546 http://localhost:8000 "POST /delete/alert HTTP/11" 405 31
DEBUG    urllib3.connectionpool:connectionpool.py:243 Starting new HTTP connection (1): localhost:8000
DEBUG    urllib3.connectionpool:connectionpool.py:546 http://localhost:8000 "PUT /delete/alert HTTP/11" 405 31
DEBUG    urllib3.connectionpool:connectionpool.py:243 Starting new HTTP connection (1): localhost:8000
DEBUG    urllib3.connectionpool:connectionpool.py:546 http://localhost:8000 "GET /delete/alert HTTP/11" 405 31
DEBUG    urllib3.connectionpool:connectionpool.py:243 Starting new HTTP connection (1): localhost:8000
DEBUG    urllib3.connectionpool:connectionpool.py:546 http://localhost:8000 "PATCH /delete/alert HTTP/11" 405 31
DEBUG    urllib3.connectionpool:connectionpool.py:243 Starting new HTTP connection (1): localhost:8000
DEBUG    urllib3.connectionpool:connectionpool.py:546 http://localhost:8000 "PUT /update/alert HTTP/11" 422 91
DEBUG    urllib3.connectionpool:connectionpool.py:243 Starting new HTTP connection (1): localhost:8000
DEBUG    urllib3.connectionpool:connectionpool.py:546 http://localhost:8000 "POST /user/register HTTP/11" 200 53
DEBUG    urllib3.connectionpool:connectionpool.py:243 Starting new HTTP connection (1): localhost:8000
DEBUG    urllib3.connectionpool:connectionpool.py:546 http://localhost:8000 "PUT /update/alert HTTP/11" 422 91
DEBUG    urllib3.connectionpool:connectionpool.py:243 Starting new HTTP connection (1): localhost:8000
DEBUG    urllib3.connectionpool:connectionpool.py:546 http://localhost:8000 "POST /user/register HTTP/11" 200 53
DEBUG    urllib3.connectionpool:connectionpool.py:243 Starting new HTTP connection (1): localhost:8000
DEBUG    urllib3.connectionpool:connectionpool.py:546 http://localhost:8000 "PUT /update/alert HTTP/11" 422 91
DEBUG    urllib3.connectionpool:connectionpool.py:243 Starting new HTTP connection (1): localhost:8000
DEBUG    urllib3.connectionpool:connectionpool.py:546 http://localhost:8000 "GET /update/alert HTTP/11" 405 31
DEBUG    urllib3.connectionpool:connectionpool.py:243 Starting new HTTP connection (1): localhost:8000
DEBUG    urllib3.connectionpool:connectionpool.py:546 http://localhost:8000 "POST /update/alert HTTP/11" 405 31
DEBUG    urllib3.connectionpool:connectionpool.py:243 Starting new HTTP connection (1): localhost:8000
DEBUG    urllib3.connectionpool:connectionpool.py:546 http://localhost:8000 "DELETE /update/alert HTTP/11" 405 31
DEBUG    urllib3.connectionpool:connectionpool.py:243 Starting new HTTP connection (1): localhost:8000
DEBUG    urllib3.connectionpool:connectionpool.py:546 http://localhost:8000 "PATCH /update/alert HTTP/11" 405 31
DEBUG    urllib3.connectionpool:connectionpool.py:243 Starting new HTTP connection (1): localhost:8000
DEBUG    urllib3.connectionpool:connectionpool.py:546 http://localhost:8000 "GET /visualization/alert HTTP/11" 400 47
DEBUG    urllib3.connectionpool:connectionpool.py:243 Starting new HTTP connection (1): localhost:8000
DEBUG    urllib3.connectionpool:connectionpool.py:546 http://localhost:8000 "GET /visualization/alert?email=nonexistent%40example.com HTTP/11" 404 28
DEBUG    urllib3.connectionpool:connectionpool.py:243 Starting new HTTP connection (1): localhost:8000
DEBUG    urllib3.connectionpool:connectionpool.py:546 http://localhost:8000 "GET /visualization/alert?email=invalidemailformat HTTP/11" 400 83
DEBUG    urllib3.connectionpool:connectionpool.py:243 Starting new HTTP connection (1): localhost:8000
DEBUG    urllib3.connectionpool:connectionpool.py:546 http://localhost:8000 "POST /user/register HTTP/11" 200 53
DEBUG    urllib3.connectionpool:connectionpool.py:243 Starting new HTTP connection (1): localhost:8000
DEBUG    urllib3.connectionpool:connectionpool.py:546 http://localhost:8000 "POST /add/alert HTTP/11" 200 39
DEBUG    urllib3.connectionpool:connectionpool.py:243 Starting new HTTP connection (1): localhost:8000
DEBUG    urllib3.connectionpool:connectionpool.py:546 http://localhost:8000 "GET /visualization/alert?email=dvqp54u1jn%40gmail.com HTTP/11" 200 143
DEBUG    urllib3.connectionpool:connectionpool.py:243 Starting new HTTP connection (1): localhost:8000
DEBUG    urllib3.connectionpool:connectionpool.py:546 http://localhost:8000 "POST /visualization/alert HTTP/11" 405 31
DEBUG    urllib3.connectionpool:connectionpool.py:243 Starting new HTTP connection (1): localhost:8000
DEBUG    urllib3.connectionpool:connectionpool.py:546 http://localhost:8000 "PUT /visualization/alert HTTP/11" 405 31
DEBUG    urllib3.connectionpool:connectionpool.py:243 Starting new HTTP connection (1): localhost:8000
DEBUG    urllib3.connectionpool:connectionpool.py:546 http://localhost:8000 "DELETE /visualization/alert HTTP/11" 405 31
DEBUG    urllib3.connectionpool:connectionpool.py:243 Starting new HTTP connection (1): localhost:8000
DEBUG    urllib3.connectionpool:connectionpool.py:546 http://localhost:8000 "PATCH /visualization/alert HTTP/11" 405 31
DEBUG    urllib3.connectionpool:connectionpool.py:243 Starting new HTTP connection (1): localhost:8000
DEBUG    urllib3.connectionpool:connectionpool.py:546 http://localhost:8000 "POST /user/register HTTP/11" 200 53
DEBUG    urllib3.connectionpool:connectionpool.py:243 Starting new HTTP connection (1): localhost:8000
DEBUG    urllib3.connectionpool:connectionpool.py:546 http://localhost:8000 "POST /add/expenditure HTTP/11" 400 49
DEBUG    urllib3.connectionpool:connectionpool.py:243 Starting new HTTP connection (1): localhost:8000
DEBUG    urllib3.connectionpool:connectionpool.py:546 http://localhost:8000 "POST /user/register HTTP/11" 200 53
DEBUG    urllib3.connectionpool:connectionpool.py:243 Starting new HTTP connection (1): localhost:8000
DEBUG    urllib3.connectionpool:connectionpool.py:546 http://localhost:8000 "POST /add/expenditure HTTP/11" 400 49
DEBUG    urllib3.connectionpool:connectionpool.py:243 Starting new HTTP connection (1): localhost:8000
DEBUG    urllib3.connectionpool:connectionpool.py:546 http://localhost:8000 "POST /user/register HTTP/11" 200 53
DEBUG    urllib3.connectionpool:connectionpool.py:243 Starting new HTTP connection (1): localhost:8000
DEBUG    urllib3.connectionpool:connectionpool.py:546 http://localhost:8000 "POST /add/expenditure HTTP/11" 400 48
DEBUG    urllib3.connectionpool:connectionpool.py:243 Starting new HTTP connection (1): localhost:8000
DEBUG    urllib3.connectionpool:connectionpool.py:546 http://localhost:8000 "POST /add/expenditure HTTP/11" 404 55
DEBUG    urllib3.connectionpool:connectionpool.py:243 Starting new HTTP connection (1): localhost:8000
DEBUG    urllib3.connectionpool:connectionpool.py:546 http://localhost:8000 "POST /add/expenditure HTTP/11" 400 83
DEBUG    urllib3.connectionpool:connectionpool.py:243 Starting new HTTP connection (1): localhost:8000
DEBUG    urllib3.connectionpool:connectionpool.py:546 http://localhost:8000 "POST /user/register HTTP/11" 200 53
DEBUG    urllib3.connectionpool:connectionpool.py:243 Starting new HTTP connection (1): localhost:8000
DEBUG    urllib3.connectionpool:connectionpool.py:546 http://localhost:8000 "POST /add/expenditure HTTP/11" 200 45
DEBUG    urllib3.connectionpool:connectionpool.py:243 Starting new HTTP connection (1): localhost:8000
DEBUG    urllib3.connectionpool:connectionpool.py:546 http://localhost:8000 "GET /add/expenditure HTTP/11" 405 31
DEBUG    urllib3.connectionpool:connectionpool.py:243 Starting new HTTP connection (1): localhost:8000
DEBUG    urllib3.connectionpool:connectionpool.py:546 http://localhost:8000 "PUT /add/expenditure HTTP/11" 405 31
DEBUG    urllib3.connectionpool:connectionpool.py:243 Starting new HTTP connection (1): localhost:8000
DEBUG    urllib3.connectionpool:connectionpool.py:546 http://localhost:8000 "DELETE /add/expenditure HTTP/11" 405 31
DEBUG    urllib3.connectionpool:connectionpool.py:243 Starting new HTTP connection (1): localhost:8000
DEBUG    urllib3.connectionpool:connectionpool.py:546 http://localhost:8000 "PATCH /add/expenditure HTTP/11" 405 31
DEBUG    urllib3.connectionpool:connectionpool.py:243 Starting new HTTP connection (1): localhost:8000
DEBUG    urllib3.connectionpool:connectionpool.py:546 http://localhost:8000 "DELETE /delete/expenditure HTTP/11" 400 47
DEBUG    urllib3.connectionpool:connectionpool.py:243 Starting new HTTP connection (1): localhost:8000
DEBUG    urllib3.connectionpool:connectionpool.py:546 http://localhost:8000 "DELETE /delete/expenditure?email=nonexistent%40example.com HTTP/11" 404 28
DEBUG    urllib3.connectionpool:connectionpool.py:243 Starting new HTTP connection (1): localhost:8000
DEBUG    urllib3.connectionpool:connectionpool.py:546 http://localhost:8000 "DELETE /delete/expenditure?email=invalidemailformat HTTP/11" 400 83
DEBUG    urllib3.connectionpool:connectionpool.py:243 Starting new HTTP connection (1): localhost:8000
DEBUG    urllib3.connectionpool:connectionpool.py:546 http://localhost:8000 "POST /user/register HTTP/11" 200 53
DEBUG    urllib3.connectionpool:connectionpool.py:243 Starting new HTTP connection (1): localhost:8000
DEBUG    urllib3.connectionpool:connectionpool.py:546 http://localhost:8000 "POST /add/expenditure HTTP/11" 200 45
DEBUG    urllib3.connectionpool:connectionpool.py:243 Starting new HTTP connection (1): localhost:8000
DEBUG    urllib3.connectionpool:connectionpool.py:546 http://localhost:8000 "DELETE /delete/expenditure?email=pfk7mo10ky%40gmail.com HTTP/11" 200 47
DEBUG    urllib3.connectionpool:connectionpool.py:243 Starting new HTTP connection (1): localhost:8000
DEBUG    urllib3.connectionpool:connectionpool.py:546 http://localhost:8000 "POST /delete/expenditure HTTP/11" 405 31
DEBUG    urllib3.connectionpool:connectionpool.py:243 Starting new HTTP connection (1): localhost:8000
DEBUG    urllib3.connectionpool:connectionpool.py:546 http://localhost:8000 "PUT /delete/expenditure HTTP/11" 405 31
DEBUG    urllib3.connectionpool:connectionpool.py:243 Starting new HTTP connection (1): localhost:8000
DEBUG    urllib3.connectionpool:connectionpool.py:546 http://localhost:8000 "GET /delete/expenditure HTTP/11" 405 31
DEBUG    urllib3.connectionpool:connectionpool.py:243 Starting new HTTP connection (1): localhost:8000
DEBUG    urllib3.connectionpool:connectionpool.py:546 http://localhost:8000 "PATCH /delete/expenditure HTTP/11" 405 31
DEBUG    urllib3.connectionpool:connectionpool.py:243 Starting new HTTP connection (1): localhost:8000
DEBUG    urllib3.connectionpool:connectionpool.py:546 http://localhost:8000 "PUT /update/expenditure HTTP/11" 400 47
DEBUG    urllib3.connectionpool:connectionpool.py:243 Starting new HTTP connection (1): localhost:8000
DEBUG    urllib3.connectionpool:connectionpool.py:546 http://localhost:8000 "PUT /update/expenditure?email=nonexistent%40example.com HTTP/11" 404 28
DEBUG    urllib3.connectionpool:connectionpool.py:243 Starting new HTTP connection (1): localhost:8000
DEBUG    urllib3.connectionpool:connectionpool.py:546 http://localhost:8000 "PUT /update/expenditure?email=invalidemailformat HTTP/11" 400 83
DEBUG    urllib3.connectionpool:connectionpool.py:243 Starting new HTTP connection (1): localhost:8000
DEBUG    urllib3.connectionpool:connectionpool.py:546 http://localhost:8000 "POST /user/register HTTP/11" 200 53
DEBUG    urllib3.connectionpool:connectionpool.py:243 Starting new HTTP connection (1): localhost:8000
DEBUG    urllib3.connectionpool:connectionpool.py:546 http://localhost:8000 "POST /add/expenditure HTTP/11" 200 45
DEBUG    urllib3.connectionpool:connectionpool.py:243 Starting new HTTP connection (1): localhost:8000
DEBUG    urllib3.connectionpool:connectionpool.py:546 http://localhost:8000 "PUT /update/expenditure?email=no43bvzbiu%40gmail.com HTTP/11" 200 47
DEBUG    urllib3.connectionpool:connectionpool.py:243 Starting new HTTP connection (1): localhost:8000
DEBUG    urllib3.connectionpool:connectionpool.py:546 http://localhost:8000 "POST /update/expenditure HTTP/11" 405 31
DEBUG    urllib3.connectionpool:connectionpool.py:243 Starting new HTTP connection (1): localhost:8000
DEBUG    urllib3.connectionpool:connectionpool.py:546 http://localhost:8000 "DELETE /update/expenditure HTTP/11" 405 31
DEBUG    urllib3.connectionpool:connectionpool.py:243 Starting new HTTP connection (1): localhost:8000
DEBUG    urllib3.connectionpool:connectionpool.py:546 http://localhost:8000 "GET /update/expenditure HTTP/11" 405 31
DEBUG    urllib3.connectionpool:connectionpool.py:243 Starting new HTTP connection (1): localhost:8000
DEBUG    urllib3.connectionpool:connectionpool.py:546 http://localhost:8000 "PATCH /update/expenditure HTTP/11" 405 31
DEBUG    urllib3.connectionpool:connectionpool.py:243 Starting new HTTP connection (1): localhost:8000
DEBUG    urllib3.connectionpool:connectionpool.py:546 http://localhost:8000 "GET /visualization/expenditure HTTP/11" 400 47
DEBUG    urllib3.connectionpool:connectionpool.py:243 Starting new HTTP connection (1): localhost:8000
DEBUG    urllib3.connectionpool:connectionpool.py:546 http://localhost:8000 "GET /visualization/expenditure?email=nonexistent%40example.com HTTP/11" 404 28
DEBUG    urllib3.connectionpool:connectionpool.py:243 Starting new HTTP connection (1): localhost:8000
DEBUG    urllib3.connectionpool:connectionpool.py:546 http://localhost:8000 "GET /visualization/expenditure?email=invalidemailformat HTTP/11" 400 83
DEBUG    urllib3.connectionpool:connectionpool.py:243 Starting new HTTP connection (1): localhost:8000
DEBUG    urllib3.connectionpool:connectionpool.py:546 http://localhost:8000 "POST /user/register HTTP/11" 200 53
DEBUG    urllib3.connectionpool:connectionpool.py:243 Starting new HTTP connection (1): localhost:8000
DEBUG    urllib3.connectionpool:connectionpool.py:546 http://localhost:8000 "POST /add/expenditure HTTP/11" 200 45
DEBUG    urllib3.connectionpool:connectionpool.py:243 Starting new HTTP connection (1): localhost:8000
DEBUG    urllib3.connectionpool:connectionpool.py:546 http://localhost:8000 "GET /visualization/expenditure?email=n631unb5gx%40gmail.com HTTP/11" 200 141
DEBUG    urllib3.connectionpool:connectionpool.py:243 Starting new HTTP connection (1): localhost:8000
DEBUG    urllib3.connectionpool:connectionpool.py:546 http://localhost:8000 "POST /visualization/expenditure HTTP/11" 405 31
DEBUG    urllib3.connectionpool:connectionpool.py:243 Starting new HTTP connection (1): localhost:8000
DEBUG    urllib3.connectionpool:connectionpool.py:546 http://localhost:8000 "PUT /visualization/expenditure HTTP/11" 405 31
DEBUG    urllib3.connectionpool:connectionpool.py:243 Starting new HTTP connection (1): localhost:8000
DEBUG    urllib3.connectionpool:connectionpool.py:546 http://localhost:8000 "DELETE /visualization/expenditure HTTP/11" 405 31
DEBUG    urllib3.connectionpool:connectionpool.py:243 Starting new HTTP connection (1): localhost:8000
DEBUG    urllib3.connectionpool:connectionpool.py:546 http://localhost:8000 "PATCH /visualization/expenditure HTTP/11" 405 31
DEBUG    urllib3.connectionpool:connectionpool.py:243 Starting new HTTP connection (1): localhost:8000
DEBUG    urllib3.connectionpool:connectionpool.py:546 http://localhost:8000 "POST /user/register HTTP/11" 200 53
DEBUG    urllib3.connectionpool:connectionpool.py:243 Starting new HTTP connection (1): localhost:8000
DEBUG    urllib3.connectionpool:connectionpool.py:546 http://localhost:8000 "POST /add/reminder HTTP/11" 400 49
DEBUG    urllib3.connectionpool:connectionpool.py:243 Starting new HTTP connection (1): localhost:8000
DEBUG    urllib3.connectionpool:connectionpool.py:546 http://localhost:8000 "POST /user/register HTTP/11" 200 53
DEBUG    urllib3.connectionpool:connectionpool.py:243 Starting new HTTP connection (1): localhost:8000
DEBUG    urllib3.connectionpool:connectionpool.py:546 http://localhost:8000 "POST /add/reminder HTTP/11" 400 49
DEBUG    urllib3.connectionpool:connectionpool.py:243 Starting new HTTP connection (1): localhost:8000
DEBUG    urllib3.connectionpool:connectionpool.py:546 http://localhost:8000 "POST /user/register HTTP/11" 200 53
DEBUG    urllib3.connectionpool:connectionpool.py:243 Starting new HTTP connection (1): localhost:8000
DEBUG    urllib3.connectionpool:connectionpool.py:546 http://localhost:8000 "POST /add/reminder HTTP/11" 400 48
DEBUG    urllib3.connectionpool:connectionpool.py:243 Starting new HTTP connection (1): localhost:8000
DEBUG    urllib3.connectionpool:connectionpool.py:546 http://localhost:8000 "POST /add/reminder HTTP/11" 404 55
DEBUG    urllib3.connectionpool:connectionpool.py:243 Starting new HTTP connection (1): localhost:8000
DEBUG    urllib3.connectionpool:connectionpool.py:546 http://localhost:8000 "POST /add/reminder HTTP/11" 400 83
DEBUG    urllib3.connectionpool:connectionpool.py:243 Starting new HTTP connection (1): localhost:8000
DEBUG    urllib3.connectionpool:connectionpool.py:546 http://localhost:8000 "POST /user/register HTTP/11" 200 53
DEBUG    urllib3.connectionpool:connectionpool.py:243 Starting new HTTP connection (1): localhost:8000
DEBUG    urllib3.connectionpool:connectionpool.py:546 http://localhost:8000 "POST /add/reminder HTTP/11" 200 42
DEBUG    urllib3.connectionpool:connectionpool.py:243 Starting new HTTP connection (1): localhost:8000
DEBUG    urllib3.connectionpool:connectionpool.py:546 http://localhost:8000 "GET /add/reminder HTTP/11" 405 31
DEBUG    urllib3.connectionpool:connectionpool.py:243 Starting new HTTP connection (1): localhost:8000
DEBUG    urllib3.connectionpool:connectionpool.py:546 http://localhost:8000 "PUT /add/reminder HTTP/11" 405 31
DEBUG    urllib3.connectionpool:connectionpool.py:243 Starting new HTTP connection (1): localhost:8000
DEBUG    urllib3.connectionpool:connectionpool.py:546 http://localhost:8000 "DELETE /add/reminder HTTP/11" 405 31
DEBUG    urllib3.connectionpool:connectionpool.py:243 Starting new HTTP connection (1): localhost:8000
DEBUG    urllib3.connectionpool:connectionpool.py:546 http://localhost:8000 "PATCH /add/reminder HTTP/11" 405 31
DEBUG    urllib3.connectionpool:connectionpool.py:243 Starting new HTTP connection (1): localhost:8000
DEBUG    urllib3.connectionpool:connectionpool.py:546 http://localhost:8000 "DELETE /delete/reminder HTTP/11" 400 47
DEBUG    urllib3.connectionpool:connectionpool.py:243 Starting new HTTP connection (1): localhost:8000
DEBUG    urllib3.connectionpool:connectionpool.py:546 http://localhost:8000 "DELETE /delete/reminder?email=nonexistent%40example.com HTTP/11" 404 28
DEBUG    urllib3.connectionpool:connectionpool.py:243 Starting new HTTP connection (1): localhost:8000
DEBUG    urllib3.connectionpool:connectionpool.py:546 http://localhost:8000 "DELETE /delete/reminder?email=invalidemailformat HTTP/11" 400 83
DEBUG    urllib3.connectionpool:connectionpool.py:243 Starting new HTTP connection (1): localhost:8000
DEBUG    urllib3.connectionpool:connectionpool.py:546 http://localhost:8000 "POST /user/register HTTP/11" 200 53
DEBUG    urllib3.connectionpool:connectionpool.py:243 Starting new HTTP connection (1): localhost:8000
DEBUG    urllib3.connectionpool:connectionpool.py:546 http://localhost:8000 "POST /add/reminder HTTP/11" 200 42
DEBUG    urllib3.connectionpool:connectionpool.py:243 Starting new HTTP connection (1): localhost:8000
DEBUG    urllib3.connectionpool:connectionpool.py:546 http://localhost:8000 "DELETE /delete/reminder?email=uy6heg9fq3%40gmail.com HTTP/11" 200 44
DEBUG    urllib3.connectionpool:connectionpool.py:243 Starting new HTTP connection (1): localhost:8000
DEBUG    urllib3.connectionpool:connectionpool.py:546 http://localhost:8000 "POST /delete/reminder HTTP/11" 405 31
DEBUG    urllib3.connectionpool:connectionpool.py:243 Starting new HTTP connection (1): localhost:8000
DEBUG    urllib3.connectionpool:connectionpool.py:546 http://localhost:8000 "PUT /delete/reminder HTTP/11" 405 31
DEBUG    urllib3.connectionpool:connectionpool.py:243 Starting new HTTP connection (1): localhost:8000
DEBUG    urllib3.connectionpool:connectionpool.py:546 http://localhost:8000 "GET /delete/reminder HTTP/11" 405 31
DEBUG    urllib3.connectionpool:connectionpool.py:243 Starting new HTTP connection (1): localhost:8000
DEBUG    urllib3.connectionpool:connectionpool.py:546 http://localhost:8000 "PATCH /delete/reminder HTTP/11" 405 31
DEBUG    urllib3.connectionpool:connectionpool.py:243 Starting new HTTP connection (1): localhost:8000
DEBUG    urllib3.connectionpool:connectionpool.py:546 http://localhost:8000 "GET /visualization/reminder HTTP/11" 400 47
DEBUG    urllib3.connectionpool:connectionpool.py:243 Starting new HTTP connection (1): localhost:8000
DEBUG    urllib3.connectionpool:connectionpool.py:546 http://localhost:8000 "GET /visualization/reminder?email=nonexistent%40example.com HTTP/11" 404 28
DEBUG    urllib3.connectionpool:connectionpool.py:243 Starting new HTTP connection (1): localhost:8000
DEBUG    urllib3.connectionpool:connectionpool.py:546 http://localhost:8000 "GET /visualization/reminder?email=invalidemailformat HTTP/11" 400 83
DEBUG    urllib3.connectionpool:connectionpool.py:243 Starting new HTTP connection (1): localhost:8000
DEBUG    urllib3.connectionpool:connectionpool.py:546 http://localhost:8000 "POST /user/register HTTP/11" 200 53
DEBUG    urllib3.connectionpool:connectionpool.py:243 Starting new HTTP connection (1): localhost:8000
DEBUG    urllib3.connectionpool:connectionpool.py:546 http://localhost:8000 "POST /add/reminder HTTP/11" 200 42
DEBUG    urllib3.connectionpool:connectionpool.py:243 Starting new HTTP connection (1): localhost:8000
DEBUG    urllib3.connectionpool:connectionpool.py:546 http://localhost:8000 "GET /visualization/reminder?email=91hzid8ogo%40gmail.com HTTP/11" 200 142
DEBUG    urllib3.connectionpool:connectionpool.py:243 Starting new HTTP connection (1): localhost:8000
DEBUG    urllib3.connectionpool:connectionpool.py:546 http://localhost:8000 "POST /visualization/reminder HTTP/11" 405 31
DEBUG    urllib3.connectionpool:connectionpool.py:243 Starting new HTTP connection (1): localhost:8000
DEBUG    urllib3.connectionpool:connectionpool.py:546 http://localhost:8000 "PUT /visualization/reminder HTTP/11" 405 31
DEBUG    urllib3.connectionpool:connectionpool.py:243 Starting new HTTP connection (1): localhost:8000
DEBUG    urllib3.connectionpool:connectionpool.py:546 http://localhost:8000 "DELETE /visualization/reminder HTTP/11" 405 31
DEBUG    urllib3.connectionpool:connectionpool.py:243 Starting new HTTP connection (1): localhost:8000
DEBUG    urllib3.connectionpool:connectionpool.py:546 http://localhost:8000 "PATCH /visualization/reminder HTTP/11" 405 31
DEBUG    urllib3.connectionpool:connectionpool.py:243 Starting new HTTP connection (1): localhost:8000
DEBUG    urllib3.connectionpool:connectionpool.py:546 http://localhost:8000 "POST /user/register HTTP/11" 200 53
DEBUG    urllib3.connectionpool:connectionpool.py:243 Starting new HTTP connection (1): localhost:8000
DEBUG    urllib3.connectionpool:connectionpool.py:546 http://localhost:8000 "POST /add/revenue HTTP/11" 400 49
DEBUG    urllib3.connectionpool:connectionpool.py:243 Starting new HTTP connection (1): localhost:8000
DEBUG    urllib3.connectionpool:connectionpool.py:546 http://localhost:8000 "POST /user/register HTTP/11" 200 53
DEBUG    urllib3.connectionpool:connectionpool.py:243 Starting new HTTP connection (1): localhost:8000
DEBUG    urllib3.connectionpool:connectionpool.py:546 http://localhost:8000 "POST /add/revenue HTTP/11" 400 49
DEBUG    urllib3.connectionpool:connectionpool.py:243 Starting new HTTP connection (1): localhost:8000
DEBUG    urllib3.connectionpool:connectionpool.py:546 http://localhost:8000 "POST /user/register HTTP/11" 200 53
DEBUG    urllib3.connectionpool:connectionpool.py:243 Starting new HTTP connection (1): localhost:8000
DEBUG    urllib3.connectionpool:connectionpool.py:546 http://localhost:8000 "POST /add/revenue HTTP/11" 400 48
DEBUG    urllib3.connectionpool:connectionpool.py:243 Starting new HTTP connection (1): localhost:8000
DEBUG    urllib3.connectionpool:connectionpool.py:546 http://localhost:8000 "POST /add/revenue HTTP/11" 404 55
DEBUG    urllib3.connectionpool:connectionpool.py:243 Starting new HTTP connection (1): localhost:8000
DEBUG    urllib3.connectionpool:connectionpool.py:546 http://localhost:8000 "POST /add/revenue HTTP/11" 400 83
DEBUG    urllib3.connectionpool:connectionpool.py:243 Starting new HTTP connection (1): localhost:8000
DEBUG    urllib3.connectionpool:connectionpool.py:546 http://localhost:8000 "POST /user/register HTTP/11" 200 53
DEBUG    urllib3.connectionpool:connectionpool.py:243 Starting new HTTP connection (1): localhost:8000
DEBUG    urllib3.connectionpool:connectionpool.py:546 http://localhost:8000 "POST /add/revenue HTTP/11" 200 41
DEBUG    urllib3.connectionpool:connectionpool.py:243 Starting new HTTP connection (1): localhost:8000
DEBUG    urllib3.connectionpool:connectionpool.py:546 http://localhost:8000 "GET /add/revenue HTTP/11" 405 31
DEBUG    urllib3.connectionpool:connectionpool.py:243 Starting new HTTP connection (1): localhost:8000
DEBUG    urllib3.connectionpool:connectionpool.py:546 http://localhost:8000 "PUT /add/revenue HTTP/11" 405 31
DEBUG    urllib3.connectionpool:connectionpool.py:243 Starting new HTTP connection (1): localhost:8000
DEBUG    urllib3.connectionpool:connectionpool.py:546 http://localhost:8000 "DELETE /add/revenue HTTP/11" 405 31
DEBUG    urllib3.connectionpool:connectionpool.py:243 Starting new HTTP connection (1): localhost:8000
DEBUG    urllib3.connectionpool:connectionpool.py:546 http://localhost:8000 "PATCH /add/revenue HTTP/11" 405 31
DEBUG    urllib3.connectionpool:connectionpool.py:243 Starting new HTTP connection (1): localhost:8000
DEBUG    urllib3.connectionpool:connectionpool.py:546 http://localhost:8000 "DELETE /delete/revenue HTTP/11" 400 47
DEBUG    urllib3.connectionpool:connectionpool.py:243 Starting new HTTP connection (1): localhost:8000
DEBUG    urllib3.connectionpool:connectionpool.py:546 http://localhost:8000 "DELETE /delete/revenue?email=nonexistent%40example.com HTTP/11" 404 28
DEBUG    urllib3.connectionpool:connectionpool.py:243 Starting new HTTP connection (1): localhost:8000
DEBUG    urllib3.connectionpool:connectionpool.py:546 http://localhost:8000 "DELETE /delete/revenue?email=invalidemailformat HTTP/11" 400 83
DEBUG    urllib3.connectionpool:connectionpool.py:243 Starting new HTTP connection (1): localhost:8000
DEBUG    urllib3.connectionpool:connectionpool.py:546 http://localhost:8000 "POST /user/register HTTP/11" 200 53
DEBUG    urllib3.connectionpool:connectionpool.py:243 Starting new HTTP connection (1): localhost:8000
DEBUG    urllib3.connectionpool:connectionpool.py:546 http://localhost:8000 "POST /add/revenue HTTP/11" 200 41
DEBUG    urllib3.connectionpool:connectionpool.py:243 Starting new HTTP connection (1): localhost:8000
DEBUG    urllib3.connectionpool:connectionpool.py:546 http://localhost:8000 "DELETE /delete/revenue?email=6jjvnq8jl7%40gmail.com HTTP/11" 200 43
DEBUG    urllib3.connectionpool:connectionpool.py:243 Starting new HTTP connection (1): localhost:8000
DEBUG    urllib3.connectionpool:connectionpool.py:546 http://localhost:8000 "POST /delete/revenue HTTP/11" 405 31
DEBUG    urllib3.connectionpool:connectionpool.py:243 Starting new HTTP connection (1): localhost:8000
DEBUG    urllib3.connectionpool:connectionpool.py:546 http://localhost:8000 "PUT /delete/revenue HTTP/11" 405 31
DEBUG    urllib3.connectionpool:connectionpool.py:243 Starting new HTTP connection (1): localhost:8000
DEBUG    urllib3.connectionpool:connectionpool.py:546 http://localhost:8000 "GET /delete/revenue HTTP/11" 405 31
DEBUG    urllib3.connectionpool:connectionpool.py:243 Starting new HTTP connection (1): localhost:8000
DEBUG    urllib3.connectionpool:connectionpool.py:546 http://localhost:8000 "PATCH /delete/revenue HTTP/11" 405 31
DEBUG    urllib3.connectionpool:connectionpool.py:243 Starting new HTTP connection (1): localhost:8000
DEBUG    urllib3.connectionpool:connectionpool.py:546 http://localhost:8000 "GET /visualization/revenue HTTP/11" 400 47
DEBUG    urllib3.connectionpool:connectionpool.py:243 Starting new HTTP connection (1): localhost:8000
DEBUG    urllib3.connectionpool:connectionpool.py:546 http://localhost:8000 "GET /visualization/revenue?email=nonexistent%40example.com HTTP/11" 404 28
DEBUG    urllib3.connectionpool:connectionpool.py:243 Starting new HTTP connection (1): localhost:8000
DEBUG    urllib3.connectionpool:connectionpool.py:546 http://localhost:8000 "GET /visualization/revenue?email=invalidemailformat HTTP/11" 400 83
DEBUG    urllib3.connectionpool:connectionpool.py:243 Starting new HTTP connection (1): localhost:8000
DEBUG    urllib3.connectionpool:connectionpool.py:546 http://localhost:8000 "POST /user/register HTTP/11" 200 53
DEBUG    urllib3.connectionpool:connectionpool.py:243 Starting new HTTP connection (1): localhost:8000
DEBUG    urllib3.connectionpool:connectionpool.py:546 http://localhost:8000 "POST /add/revenue HTTP/11" 200 41
DEBUG    urllib3.connectionpool:connectionpool.py:243 Starting new HTTP connection (1): localhost:8000
DEBUG    urllib3.connectionpool:connectionpool.py:546 http://localhost:8000 "GET /visualization/revenue?email=auuoseauvx%40gmail.com HTTP/11" 200 126
DEBUG    urllib3.connectionpool:connectionpool.py:243 Starting new HTTP connection (1): localhost:8000
DEBUG    urllib3.connectionpool:connectionpool.py:546 http://localhost:8000 "POST /visualization/revenue HTTP/11" 405 31
DEBUG    urllib3.connectionpool:connectionpool.py:243 Starting new HTTP connection (1): localhost:8000
DEBUG    urllib3.connectionpool:connectionpool.py:546 http://localhost:8000 "PUT /visualization/revenue HTTP/11" 405 31
DEBUG    urllib3.connectionpool:connectionpool.py:243 Starting new HTTP connection (1): localhost:8000
DEBUG    urllib3.connectionpool:connectionpool.py:546 http://localhost:8000 "DELETE /visualization/revenue HTTP/11" 405 31
DEBUG    urllib3.connectionpool:connectionpool.py:243 Starting new HTTP connection (1): localhost:8000
DEBUG    urllib3.connectionpool:connectionpool.py:546 http://localhost:8000 "PATCH /visualization/revenue HTTP/11" 405 31
DEBUG    urllib3.connectionpool:connectionpool.py:243 Starting new HTTP connection (1): localhost:8000
DEBUG    urllib3.connectionpool:connectionpool.py:546 http://localhost:8000 "POST /user/register HTTP/11" 200 53
DEBUG    urllib3.connectionpool:connectionpool.py:243 Starting new HTTP connection (1): localhost:8000
DEBUG    urllib3.connectionpool:connectionpool.py:546 http://localhost:8000 "POST /user/login HTTP/11" 200 185
DEBUG    urllib3.connectionpool:connectionpool.py:243 Starting new HTTP connection (1): localhost:8000
DEBUG    urllib3.connectionpool:connectionpool.py:546 http://localhost:8000 "POST /user/register HTTP/11" 200 53
DEBUG    urllib3.connectionpool:connectionpool.py:243 Starting new HTTP connection (1): localhost:8000
DEBUG    urllib3.connectionpool:connectionpool.py:546 http://localhost:8000 "POST /user/login HTTP/11" 401 40
DEBUG    urllib3.connectionpool:connectionpool.py:243 Starting new HTTP connection (1): localhost:8000
DEBUG    urllib3.connectionpool:connectionpool.py:546 http://localhost:8000 "POST /user/login HTTP/11" 401 40
DEBUG    urllib3.connectionpool:connectionpool.py:243 Starting new HTTP connection (1): localhost:8000
DEBUG    urllib3.connectionpool:connectionpool.py:546 http://localhost:8000 "POST /user/register HTTP/11" 200 53
DEBUG    urllib3.connectionpool:connectionpool.py:243 Starting new HTTP connection (1): localhost:8000
DEBUG    urllib3.connectionpool:connectionpool.py:546 http://localhost:8000 "POST /user/login HTTP/11" 422 93
DEBUG    urllib3.connectionpool:connectionpool.py:243 Starting new HTTP connection (1): localhost:8000
DEBUG    urllib3.connectionpool:connectionpool.py:546 http://localhost:8000 "GET /user/login HTTP/11" 405 31
DEBUG    urllib3.connectionpool:connectionpool.py:243 Starting new HTTP connection (1): localhost:8000
DEBUG    urllib3.connectionpool:connectionpool.py:546 http://localhost:8000 "PUT /user/login HTTP/11" 405 31
DEBUG    urllib3.connectionpool:connectionpool.py:243 Starting new HTTP connection (1): localhost:8000
DEBUG    urllib3.connectionpool:connectionpool.py:546 http://localhost:8000 "DELETE /user/login HTTP/11" 405 31
DEBUG    urllib3.connectionpool:connectionpool.py:243 Starting new HTTP connection (1): localhost:8000
DEBUG    urllib3.connectionpool:connectionpool.py:546 http://localhost:8000 "PATCH /user/login HTTP/11" 405 31
DEBUG    urllib3.connectionpool:connectionpool.py:243 Starting new HTTP connection (1): localhost:8000
DEBUG    urllib3.connectionpool:connectionpool.py:546 http://localhost:8000 "POST /user/register HTTP/11" 400 112
DEBUG    urllib3.connectionpool:connectionpool.py:243 Starting new HTTP connection (1): localhost:8000
DEBUG    urllib3.connectionpool:connectionpool.py:546 http://localhost:8000 "POST /user/register HTTP/11" 400 112
DEBUG    urllib3.connectionpool:connectionpool.py:243 Starting new HTTP connection (1): localhost:8000
DEBUG    urllib3.connectionpool:connectionpool.py:546 http://localhost:8000 "POST /user/register HTTP/11" 400 112
DEBUG    urllib3.connectionpool:connectionpool.py:243 Starting new HTTP connection (1): localhost:8000
DEBUG    urllib3.connectionpool:connectionpool.py:546 http://localhost:8000 "POST /user/register HTTP/11" 200 59
DEBUG    urllib3.connectionpool:connectionpool.py:243 Starting new HTTP connection (1): localhost:8000
DEBUG    urllib3.connectionpool:connectionpool.py:546 http://localhost:8000 "POST /user/register HTTP/11" 400 165
DEBUG    urllib3.connectionpool:connectionpool.py:243 Starting new HTTP connection (1): localhost:8000
DEBUG    urllib3.connectionpool:connectionpool.py:546 http://localhost:8000 "POST /user/register HTTP/11" 400 90
DEBUG    urllib3.connectionpool:connectionpool.py:243 Starting new HTTP connection (1): localhost:8000
DEBUG    urllib3.connectionpool:connectionpool.py:546 http://localhost:8000 "POST /user/register HTTP/11" 200 68
DEBUG    urllib3.connectionpool:connectionpool.py:243 Starting new HTTP connection (1): localhost:8000
DEBUG    urllib3.connectionpool:connectionpool.py:546 http://localhost:8000 "POST /user/register HTTP/11" 422 149
DEBUG    urllib3.connectionpool:connectionpool.py:243 Starting new HTTP connection (1): localhost:8000
DEBUG    urllib3.connectionpool:connectionpool.py:546 http://localhost:8000 "GET /user/register HTTP/11" 405 31
DEBUG    urllib3.connectionpool:connectionpool.py:243 Starting new HTTP connection (1): localhost:8000
DEBUG    urllib3.connectionpool:connectionpool.py:546 http://localhost:8000 "PUT /user/register HTTP/11" 405 31
DEBUG    urllib3.connectionpool:connectionpool.py:243 Starting new HTTP connection (1): localhost:8000
DEBUG    urllib3.connectionpool:connectionpool.py:546 http://localhost:8000 "DELETE /user/register HTTP/11" 405 31
DEBUG    urllib3.connectionpool:connectionpool.py:243 Starting new HTTP connection (1): localhost:8000
DEBUG    urllib3.connectionpool:connectionpool.py:546 http://localhost:8000 "PATCH /user/register HTTP/11" 405 31
